<?xml version="1.0" encoding="UTF-8"?>
<!-- Generated by org.testng.reporters.JUnitReportReporter -->
<testsuite skipped="0" hostname="DESKTOP-44HBIQT" name="sanity.ApiDemosElectron" tests="2" failures="0" timestamp="2021-10-17T12:16:04 IDT" time="1.711" errors="0">
  <testcase name="test02_verifyHeader" time="0.754" classname="sanity.ApiDemosElectron"/>
  <testcase name="test01_verifyHeader" time="0.957" classname="sanity.ApiDemosElectron"/>
</testsuite> <!-- sanity.ApiDemosElectron -->
