<?xml version="1.0" encoding="UTF-8"?>
<!-- Generated by org.testng.reporters.JUnitReportReporter -->
<testsuite skipped="0" hostname="DESKTOP-44HBIQT" name="sanity.ExperibankMobile" tests="1" failures="0" timestamp="2021-10-17T12:13:56 IDT" time="25.913" errors="0">
  <testcase name="test01_VerifyBalanceText" time="25.913" classname="sanity.ExperibankMobile"/>
</testsuite> <!-- sanity.ExperibankMobile -->
