<?xml version="1.0" encoding="UTF-8"?>
<!-- Generated by org.testng.reporters.JUnitReportReporter -->
<testsuite skipped="0" hostname="DESKTOP-44HBIQT" name="sanity.StudentListApi" tests="4" failures="0" timestamp="2021-10-17T12:08:29 IDT" time="3.403" errors="0">
  <testcase name="test03_updateStudentAndVerify" time="0.327" classname="sanity.StudentListApi"/>
  <testcase name="test04_deleteStudentAndVerify" time="0.198" classname="sanity.StudentListApi"/>
  <testcase name="test02_addStudentndVerify" time="0.239" classname="sanity.StudentListApi"/>
  <testcase name="test01_verifyStudentProperty" time="2.639" classname="sanity.StudentListApi"/>
</testsuite> <!-- sanity.StudentListApi -->
