<?xml version="1.0" encoding="UTF-8"?>
<!-- Generated by org.testng.reporters.JUnitReportReporter -->
<testsuite skipped="0" hostname="DESKTOP-44HBIQT" name="sanity.CalculatoeDesktop" tests="1" failures="0" timestamp="2021-10-13T15:28:19 IDT" time="7.299" errors="0">
  <testcase name="test01_VerifySubtractionCommand" time="7.299" classname="sanity.CalculatoeDesktop"/>
</testsuite> <!-- sanity.CalculatoeDesktop -->
